30 2 0x01FF97000
31 2 0x01FF97080 11111111110010111000010000000
32 0 0x10FFFFF00 100001111111111111111111100000000
40 1 0x10FFFFF80 100001111111111111111111110000000
45 1 0x10FFACF80 100001111111110101100111110000000
50 2 0x01FFFFA23 11111111111111111101000100011
51 2 0x103245346 100000011001001000101001101000110
52 0 0x105342636 100000101001101000010011000110110
60 1 0x134634565 100110100011000110100010101100101
70 2 0x056436225 00001010110010000110110001000100101
71 2 0x043254565
72 0 0x154365647
73 1 0x14345A543
74 2 0x1ACB45663
75 2 0x0BC14423D
76 0 0x134698089
77 1 0x025235AD1
78 2 0x124636AF4
79 2 0x124352ADE
80 0 0x131532AEF
81 1 0x023523564
82 2 0x1ECBCDEFA
83 2 0x154363564
84 0 0x062345532
85 1 0x134562346
86 0 0x134698089
87 1 0x025235AD1
88 2 0x124636AF4
89 2 0x124352ADE
90 0 0x131532AEF
91 1 0x023523564
92 2 0x1ECBCDEFA
93 2 0x154363564
94 0 0x062345532
95 1 0x134562346 100110100010101100010001101000110
